test/build/outputs/logs/manifest-merger-debug-report.txt
-- Merging decision tree log ---
manifest
ADDED from src\main\AndroidManifest.xml:1:1-40:12
INJECTED from src\main\AndroidManifest.xml:1:1-40:12
INJECTED from src\main\AndroidManifest.xml:1:1-40:12
INJECTED from src\main\AndroidManifest.xml:1:1-40:12
MERGED from [:lib-bluetooth] AndroidManifest.xml:2:1-49:12
MERGED from [:module-health-profile] AndroidManifest.xml:2:1-20:12
MERGED from [:lib-common-business] AndroidManifest.xml:2:1-45:12
MERGED from [:lib-idcard-reader] AndroidManifest.xml:2:1-14:12
MERGED from [:lib-common-core] AndroidManifest.xml:2:1-18:12
MERGED from [:lib-voice] AndroidManifest.xml:2:1-32:12
MERGED from [:lib-widget] AndroidManifest.xml:2:1-11:12
MERGED from [com.billy.android:cc:2.1.1] AndroidManifest.xml:2:1-29:12
MERGED from [com.android.databinding:adapters:3.1.4] AndroidManifest.xml:17:1-24:12
MERGED from [com.android.databinding:library:3.1.4] AndroidManifest.xml:17:1-24:12
MERGED from [com.squareup.leakcanary:leakcanary-android:1.5.4] AndroidManifest.xml:17:1-61:12
MERGED from [com.github.markzhai:blockcanary-android:1.5.0] AndroidManifest.xml:2:1-27:12
MERGED from [com.android.support:multidex:1.0.2] AndroidManifest.xml:17:1-22:12
MERGED from [android.arch.lifecycle:extensions:1.1.1] AndroidManifest.xml:17:1-30:12
MERGED from [:lib-printer-8003dd] AndroidManifest.xml:2:1-11:12
MERGED from [com.uber.autodispose:autodispose-android-archcomponents:1.0.0-RC1] AndroidManifest.xml:17:1-24:12
MERGED from [com.android.support:design:27.1.1] AndroidManifest.xml:17:1-22:12
MERGED from [com.android.support:appcompat-v7:27.1.1] AndroidManifest.xml:17:1-22:12
MERGED from [com.android.support:animated-vector-drawable:27.1.1] AndroidManifest.xml:17:1-22:12
MERGED from [com.android.support:support-vector-drawable:27.1.1] AndroidManifest.xml:17:1-22:12
MERGED from [com.github.bumptech.glide:glide:4.6.1] AndroidManifest.xml:2:1-13:12
MERGED from [com.github.barteksc:android-pdf-viewer:3.1.0-beta.1] AndroidManifest.xml:2:1-11:12
MERGED from [com.github.barteksc:pdfium-android:1.9.0] AndroidManifest.xml:2:1-11:12
MERGED from [com.android.support:support-v4:27.1.1] AndroidManifest.xml:17:1-22:12
MERGED from [com.android.support:support-fragment:27.1.1] AndroidManifest.xml:17:1-22:12
MERGED from [github.hellocsl:GalleryLayoutManager:1.0.6] AndroidManifest.xml:2:1-17:12
MERGED from [com.android.support:recyclerview-v7:27.1.1] AndroidManifest.xml:17:1-22:12
MERGED from [com.android.support:support-core-ui:27.1.1] AndroidManifest.xml:17:1-22:12
MERGED from [com.android.support:transition:27.1.1] AndroidManifest.xml:17:1-22:12
MERGED from [android.arch.persistence.room:rxjava2:1.1.1] AndroidManifest.xml:17:1-22:12
MERGED from [android.arch.persistence.room:runtime:1.1.1] AndroidManifest.xml:17:1-22:12
MERGED from [com.android.support:support-core-utils:27.1.1] AndroidManifest.xml:17:1-22:12
MERGED from [com.android.support:support-media-compat:27.1.1] AndroidManifest.xml:17:1-22:12
MERGED from [com.android.support:support-compat:27.1.1] AndroidManifest.xml:17:1-22:12
MERGED from [android.arch.lifecycle:runtime:1.1.1] AndroidManifest.xml:17:1-22:12
MERGED from [com.android.support.constraint:constraint-layout:1.1.3] AndroidManifest.xml:2:1-11:12
MERGED from [com.android.support:cardview-v7:27.1.1] AndroidManifest.xml:17:1-22:12
MERGED from [com.github.CymChad:BaseRecyclerViewAdapterHelper:2.9.30] AndroidManifest.xml:2:1-11:12
MERGED from [cn.aigestudio.wheelpicker:WheelPicker:1.1.2] AndroidManifest.xml:2:1-12:12
MERGED from [com.contrarywind:Android-PickerView:4.1.6] AndroidManifest.xml:2:1-11:12
MERGED from [com.facebook.stetho:stetho-okhttp3:1.5.0] AndroidManifest.xml:2:1-13:12
MERGED from [com.uber.autodispose:autodispose-android:1.0.0-RC1] AndroidManifest.xml:17:1-24:12
MERGED from [io.reactivex.rxjava2:rxandroid:2.0.2] AndroidManifest.xml:15:1-21:12
MERGED from [com.polidea.rxandroidble2:rxandroidble:1.6.0] AndroidManifest.xml:2:1-18:12
MERGED from [me.jessyan:retrofit-url-manager:1.4.0] AndroidManifest.xml:2:1-11:12
MERGED from [com.tbruyelle.rxpermissions2:rxpermissions:0.9.5] AndroidManifest.xml:2:1-13:12
MERGED from [org.litepal.android:core:1.6.0] AndroidManifest.xml:2:1-16:12
MERGED from [com.jakewharton.timber:timber:4.7.0] AndroidManifest.xml:2:1-9:12
MERGED from [in.srain.cube:ultra-ptr:1.0.11] AndroidManifest.xml:2:1-13:12
MERGED from [com.facebook.stetho:stetho:1.5.0] AndroidManifest.xml:2:1-13:12
MERGED from [com.tencent.bugly:crashreport:2.8.6.0] AndroidManifest.xml:2:1-9:12
MERGED from [com.tencent.bugly:nativecrashreport:3.6.0.1] AndroidManifest.xml:2:1-9:12
MERGED from [com.billy.android:pools:0.0.5] AndroidManifest.xml:2:1-12:12
MERGED from [com.squareup.leakcanary:leakcanary-analyzer:1.5.4] AndroidManifest.xml:17:1-25:12
MERGED from [com.github.markzhai:blockcanary-analyzer:1.5.0] AndroidManifest.xml:2:1-17:12
MERGED from [com.github.mmin18:realtimeblurview:1.1.0] AndroidManifest.xml:2:1-11:12
MERGED from [android.arch.lifecycle:livedata:1.1.1] AndroidManifest.xml:17:1-22:12
MERGED from [android.arch.lifecycle:livedata-core:1.1.1] AndroidManifest.xml:17:1-22:12
MERGED from [android.arch.core:runtime:1.1.1] AndroidManifest.xml:17:1-22:12
MERGED from [android.arch.lifecycle:viewmodel:1.1.1] AndroidManifest.xml:17:1-22:12
MERGED from [com.github.bumptech.glide:gifdecoder:4.6.1] AndroidManifest.xml:2:1-11:12
MERGED from [android.arch.persistence:db-framework:1.1.1] AndroidManifest.xml:17:1-22:12
MERGED from [android.arch.persistence:db:1.1.1] AndroidManifest.xml:17:1-22:12
MERGED from [com.contrarywind:wheelview:4.0.8] AndroidManifest.xml:2:1-17:12
MERGED from [com.inuker.bluetooth:library:1.4.0] AndroidManifest.xml:2:1-24:12
MERGED from [:vivachek-ble-sdk-1.0.0:] AndroidManifest.xml:2:1-17:12
MERGED from [:vtble-v2.1.0:] AndroidManifest.xml:2:1-27:12
INJECTED from src\main\AndroidManifest.xml:1:1-40:12
INJECTED from src\main\AndroidManifest.xml:1:1-40:12
INJECTED from src\main\AndroidManifest.xml:1:1-40:12
	package
		ADDED from src\main\AndroidManifest.xml:2:5-27
		INJECTED from src\main\AndroidManifest.xml
		INJECTED from src\main\AndroidManifest.xml
	android:versionName
		INJECTED from src\main\AndroidManifest.xml
		ADDED from src\main\AndroidManifest.xml:1:1-40:12
		INJECTED from src\main\AndroidManifest.xml
	android:versionCode
		INJECTED from src\main\AndroidManifest.xml
		ADDED from src\main\AndroidManifest.xml:1:1-40:12
		INJECTED from src\main\AndroidManifest.xml
	xmlns:android
		ADDED from src\main\AndroidManifest.xml:1:11-69
uses-permission#android.permission.READ_EXTERNAL_STORAGE
ADDED from src\main\AndroidManifest.xml:5:5-80
MERGED from [:lib-common-core] AndroidManifest.xml:12:5-80
MERGED from [:lib-common-core] AndroidManifest.xml:12:5-80
MERGED from [:lib-voice] AndroidManifest.xml:21:5-80
MERGED from [:lib-voice] AndroidManifest.xml:21:5-80
MERGED from [com.squareup.leakcanary:leakcanary-android:1.5.4] AndroidManifest.xml:23:5-80
MERGED from [com.squareup.leakcanary:leakcanary-android:1.5.4] AndroidManifest.xml:23:5-80
	android:name
		ADDED from src\main\AndroidManifest.xml:5:22-77
uses-permission#android.permission.WRITE_EXTERNAL_STORAGE
ADDED from src\main\AndroidManifest.xml:6:5-81
MERGED from [:lib-common-business] AndroidManifest.xml:26:5-81
MERGED from [:lib-common-business] AndroidManifest.xml:26:5-81
MERGED from [:lib-common-core] AndroidManifest.xml:13:5-81
MERGED from [:lib-common-core] AndroidManifest.xml:13:5-81
MERGED from [:lib-voice] AndroidManifest.xml:19:5-81
MERGED from [:lib-voice] AndroidManifest.xml:19:5-81
MERGED from [com.squareup.leakcanary:leakcanary-android:1.5.4] AndroidManifest.xml:24:5-81
MERGED from [com.squareup.leakcanary:leakcanary-android:1.5.4] AndroidManifest.xml:24:5-81
MERGED from [com.github.markzhai:blockcanary-analyzer:1.5.0] AndroidManifest.xml:12:5-81
MERGED from [com.github.markzhai:blockcanary-analyzer:1.5.0] AndroidManifest.xml:12:5-81
MERGED from [:vivachek-ble-sdk-1.0.0:] AndroidManifest.xml:13:5-81
MERGED from [:vivachek-ble-sdk-1.0.0:] AndroidManifest.xml:13:5-81
	android:name
		ADDED from src\main\AndroidManifest.xml:6:22-78
uses-permission#android.permission.INTERNET
ADDED from src\main\AndroidManifest.xml:8:5-67
MERGED from [:lib-common-business] AndroidManifest.xml:28:5-67
MERGED from [:lib-common-business] AndroidManifest.xml:28:5-67
MERGED from [:lib-voice] AndroidManifest.xml:12:5-67
MERGED from [:lib-voice] AndroidManifest.xml:12:5-67
MERGED from [:vtble-v2.1.0:] AndroidManifest.xml:12:5-67
MERGED from [:vtble-v2.1.0:] AndroidManifest.xml:12:5-67
	android:name
		ADDED from src\main\AndroidManifest.xml:8:22-64
uses-permission#android.permission.CAMERA
ADDED from src\main\AndroidManifest.xml:10:5-65
	android:name
		ADDED from src\main\AndroidManifest.xml:10:22-62
uses-feature#android.hardware.camera
ADDED from src\main\AndroidManifest.xml:12:5-60
	android:name
		ADDED from src\main\AndroidManifest.xml:12:19-57
uses-feature#android.hardware.camera.autofocus
ADDED from src\main\AndroidManifest.xml:13:5-70
	android:name
		ADDED from src\main\AndroidManifest.xml:13:19-67
uses-permission#android.permission.READ_PHONE_STATE
ADDED from src\main\AndroidManifest.xml:15:5-75
MERGED from [:lib-common-business] AndroidManifest.xml:24:5-75
MERGED from [:lib-common-business] AndroidManifest.xml:24:5-75
MERGED from [:lib-voice] AndroidManifest.xml:16:5-75
MERGED from [:lib-voice] AndroidManifest.xml:16:5-75
MERGED from [com.github.markzhai:blockcanary-analyzer:1.5.0] AndroidManifest.xml:13:5-75
MERGED from [com.github.markzhai:blockcanary-analyzer:1.5.0] AndroidManifest.xml:13:5-75
MERGED from [:vtble-v2.1.0:] AndroidManifest.xml:13:5-75
MERGED from [:vtble-v2.1.0:] AndroidManifest.xml:13:5-75
	android:name
		ADDED from src\main\AndroidManifest.xml:15:22-72
uses-permission#android.permission.BLUETOOTH
ADDED from src\main\AndroidManifest.xml:17:5-68
MERGED from [:lib-bluetooth] AndroidManifest.xml:11:5-68
MERGED from [:lib-bluetooth] AndroidManifest.xml:11:5-68
MERGED from [:lib-idcard-reader] AndroidManifest.xml:11:5-68
MERGED from [:lib-idcard-reader] AndroidManifest.xml:11:5-68
MERGED from [com.polidea.rxandroidble2:rxandroidble:1.6.0] AndroidManifest.xml:11:5-68
MERGED from [com.polidea.rxandroidble2:rxandroidble:1.6.0] AndroidManifest.xml:11:5-68
MERGED from [com.inuker.bluetooth:library:1.4.0] AndroidManifest.xml:11:5-68
MERGED from [com.inuker.bluetooth:library:1.4.0] AndroidManifest.xml:11:5-68
MERGED from [:vivachek-ble-sdk-1.0.0:] AndroidManifest.xml:12:5-68
MERGED from [:vivachek-ble-sdk-1.0.0:] AndroidManifest.xml:12:5-68
MERGED from [:vtble-v2.1.0:] AndroidManifest.xml:14:5-68
MERGED from [:vtble-v2.1.0:] AndroidManifest.xml:14:5-68
	android:name
		ADDED from src\main\AndroidManifest.xml:17:22-65
uses-permission#android.permission.BLUETOOTH_ADMIN
ADDED from src\main\AndroidManifest.xml:18:5-74
MERGED from [:lib-bluetooth] AndroidManifest.xml:12:5-74
MERGED from [:lib-bluetooth] AndroidManifest.xml:12:5-74
MERGED from [:lib-idcard-reader] AndroidManifest.xml:12:5-74
MERGED from [:lib-idcard-reader] AndroidManifest.xml:12:5-74
MERGED from [com.polidea.rxandroidble2:rxandroidble:1.6.0] AndroidManifest.xml:12:5-74
MERGED from [com.polidea.rxandroidble2:rxandroidble:1.6.0] AndroidManifest.xml:12:5-74
MERGED from [com.inuker.bluetooth:library:1.4.0] AndroidManifest.xml:12:5-74
MERGED from [com.inuker.bluetooth:library:1.4.0] AndroidManifest.xml:12:5-74
MERGED from [:vivachek-ble-sdk-1.0.0:] AndroidManifest.xml:11:5-74
MERGED from [:vivachek-ble-sdk-1.0.0:] AndroidManifest.xml:11:5-74
MERGED from [:vtble-v2.1.0:] AndroidManifest.xml:15:5-74
MERGED from [:vtble-v2.1.0:] AndroidManifest.xml:15:5-74
	android:name
		ADDED from src\main\AndroidManifest.xml:18:22-71
uses-permission#android.permission.ACCESS_COARSE_LOCATION
ADDED from src\main\AndroidManifest.xml:19:5-81
MERGED from [:lib-bluetooth] AndroidManifest.xml:13:5-81
MERGED from [:lib-bluetooth] AndroidManifest.xml:13:5-81
MERGED from [:lib-common-business] AndroidManifest.xml:14:5-81
MERGED from [:lib-common-business] AndroidManifest.xml:14:5-81
MERGED from [:lib-voice] AndroidManifest.xml:23:5-81
MERGED from [:lib-voice] AndroidManifest.xml:23:5-81
MERGED from [com.inuker.bluetooth:library:1.4.0] AndroidManifest.xml:14:5-81
MERGED from [com.inuker.bluetooth:library:1.4.0] AndroidManifest.xml:14:5-81
MERGED from [:vivachek-ble-sdk-1.0.0:] AndroidManifest.xml:14:5-81
MERGED from [:vivachek-ble-sdk-1.0.0:] AndroidManifest.xml:14:5-81
	android:name
		ADDED from src\main\AndroidManifest.xml:19:22-78
application
ADDED from src\main\AndroidManifest.xml:21:5-39:19
MERGED from [:lib-bluetooth] AndroidManifest.xml:26:5-47:19
MERGED from [:lib-bluetooth] AndroidManifest.xml:26:5-47:19
MERGED from [:module-health-profile] AndroidManifest.xml:11:5-18:19
MERGED from [:module-health-profile] AndroidManifest.xml:11:5-18:19
MERGED from [:lib-common-business] AndroidManifest.xml:34:5-43:19
MERGED from [:lib-common-business] AndroidManifest.xml:34:5-43:19
MERGED from [:lib-common-core] AndroidManifest.xml:15:5-16:19
MERGED from [:lib-common-core] AndroidManifest.xml:15:5-16:19
MERGED from [:lib-voice] AndroidManifest.xml:25:5-30:19
MERGED from [:lib-voice] AndroidManifest.xml:25:5-30:19
MERGED from [com.billy.android:cc:2.1.1] AndroidManifest.xml:11:5-27:19
MERGED from [com.billy.android:cc:2.1.1] AndroidManifest.xml:11:5-27:19
MERGED from [com.squareup.leakcanary:leakcanary-android:1.5.4] AndroidManifest.xml:26:5-59:19
MERGED from [com.squareup.leakcanary:leakcanary-android:1.5.4] AndroidManifest.xml:26:5-59:19
MERGED from [com.github.markzhai:blockcanary-android:1.5.0] AndroidManifest.xml:11:5-25:19
MERGED from [com.github.markzhai:blockcanary-android:1.5.0] AndroidManifest.xml:11:5-25:19
MERGED from [android.arch.lifecycle:extensions:1.1.1] AndroidManifest.xml:22:5-28:19
MERGED from [android.arch.lifecycle:extensions:1.1.1] AndroidManifest.xml:22:5-28:19
MERGED from [com.github.bumptech.glide:glide:4.6.1] AndroidManifest.xml:11:5-20
MERGED from [com.github.bumptech.glide:glide:4.6.1] AndroidManifest.xml:11:5-20
MERGED from [github.hellocsl:GalleryLayoutManager:1.0.6] AndroidManifest.xml:11:5-15:19
MERGED from [github.hellocsl:GalleryLayoutManager:1.0.6] AndroidManifest.xml:11:5-15:19
MERGED from [com.android.support.constraint:constraint-layout:1.1.3] AndroidManifest.xml:9:5-20
MERGED from [com.android.support.constraint:constraint-layout:1.1.3] AndroidManifest.xml:9:5-20
MERGED from [com.facebook.stetho:stetho-okhttp3:1.5.0] AndroidManifest.xml:11:5-20
MERGED from [com.facebook.stetho:stetho-okhttp3:1.5.0] AndroidManifest.xml:11:5-20
MERGED from [com.polidea.rxandroidble2:rxandroidble:1.6.0] AndroidManifest.xml:16:5-53
MERGED from [com.polidea.rxandroidble2:rxandroidble:1.6.0] AndroidManifest.xml:16:5-53
MERGED from [com.tbruyelle.rxpermissions2:rxpermissions:0.9.5] AndroidManifest.xml:11:5-20
MERGED from [com.tbruyelle.rxpermissions2:rxpermissions:0.9.5] AndroidManifest.xml:11:5-20
MERGED from [org.litepal.android:core:1.6.0] AndroidManifest.xml:11:5-14:19
MERGED from [org.litepal.android:core:1.6.0] AndroidManifest.xml:11:5-14:19
MERGED from [com.jakewharton.timber:timber:4.7.0] AndroidManifest.xml:7:5-20
MERGED from [com.jakewharton.timber:timber:4.7.0] AndroidManifest.xml:7:5-20
MERGED from [in.srain.cube:ultra-ptr:1.0.11] AndroidManifest.xml:11:5-20
MERGED from [in.srain.cube:ultra-ptr:1.0.11] AndroidManifest.xml:11:5-20
MERGED from [com.facebook.stetho:stetho:1.5.0] AndroidManifest.xml:11:5-20
MERGED from [com.facebook.stetho:stetho:1.5.0] AndroidManifest.xml:11:5-20
MERGED from [com.billy.android:pools:0.0.5] AndroidManifest.xml:10:5-20
MERGED from [com.billy.android:pools:0.0.5] AndroidManifest.xml:10:5-20
MERGED from [com.squareup.leakcanary:leakcanary-analyzer:1.5.4] AndroidManifest.xml:23:5-20
MERGED from [com.squareup.leakcanary:leakcanary-analyzer:1.5.4] AndroidManifest.xml:23:5-20
MERGED from [com.github.markzhai:blockcanary-analyzer:1.5.0] AndroidManifest.xml:15:5-20
MERGED from [com.github.markzhai:blockcanary-analyzer:1.5.0] AndroidManifest.xml:15:5-20
MERGED from [com.github.bumptech.glide:gifdecoder:4.6.1] AndroidManifest.xml:9:5-20
MERGED from [com.github.bumptech.glide:gifdecoder:4.6.1] AndroidManifest.xml:9:5-20
MERGED from [com.contrarywind:wheelview:4.0.8] AndroidManifest.xml:11:5-15:19
MERGED from [com.contrarywind:wheelview:4.0.8] AndroidManifest.xml:11:5-15:19
MERGED from [com.inuker.bluetooth:library:1.4.0] AndroidManifest.xml:20:5-22:19
MERGED from [com.inuker.bluetooth:library:1.4.0] AndroidManifest.xml:20:5-22:19
MERGED from [:vtble-v2.1.0:] AndroidManifest.xml:21:5-25:19
MERGED from [:vtble-v2.1.0:] AndroidManifest.xml:21:5-25:19
	android:supportsRtl
		ADDED from src\main\AndroidManifest.xml:27:9-35
	android:label
		ADDED from src\main\AndroidManifest.xml:25:9-41
	android:roundIcon
		ADDED from src\main\AndroidManifest.xml:26:9-54
	android:icon
		ADDED from src\main\AndroidManifest.xml:24:9-43
	android:allowBackup
		ADDED from src\main\AndroidManifest.xml:23:9-35
	android:theme
		ADDED from src\main\AndroidManifest.xml:28:9-65
	android:name
		ADDED from src\main\AndroidManifest.xml:22:9-43
activity#com.gzq.test.TestNewBluetoothActivity
ADDED from src\main\AndroidManifest.xml:30:9-38:20
	android:name
		ADDED from src\main\AndroidManifest.xml:30:19-71
intent-filter#action:name:android.intent.action.MAIN+category:name:android.intent.category.DEFAULT+category:name:android.intent.category.HOME+category:name:android.intent.category.LAUNCHER
ADDED from src\main\AndroidManifest.xml:31:13-37:29
action#android.intent.action.MAIN
ADDED from src\main\AndroidManifest.xml:32:17-69
	android:name
		ADDED from src\main\AndroidManifest.xml:32:25-66
category#android.intent.category.HOME
ADDED from src\main\AndroidManifest.xml:34:17-73
	android:name
		ADDED from src\main\AndroidManifest.xml:34:27-70
category#android.intent.category.LAUNCHER
ADDED from src\main\AndroidManifest.xml:35:17-77
	android:name
		ADDED from src\main\AndroidManifest.xml:35:27-74
category#android.intent.category.DEFAULT
ADDED from src\main\AndroidManifest.xml:36:17-76
	android:name
		ADDED from src\main\AndroidManifest.xml:36:27-73
uses-sdk
INJECTED from src\main\AndroidManifest.xml reason: use-sdk injection requested
INJECTED from src\main\AndroidManifest.xml
INJECTED from src\main\AndroidManifest.xml
MERGED from [:lib-bluetooth] AndroidManifest.xml:7:5-9:41
MERGED from [:lib-bluetooth] AndroidManifest.xml:7:5-9:41
MERGED from [:module-health-profile] AndroidManifest.xml:7:5-9:41
MERGED from [:module-health-profile] AndroidManifest.xml:7:5-9:41
MERGED from [:lib-common-business] AndroidManifest.xml:8:5-10:41
MERGED from [:lib-common-business] AndroidManifest.xml:8:5-10:41
MERGED from [:lib-idcard-reader] AndroidManifest.xml:7:5-9:41
MERGED from [:lib-idcard-reader] AndroidManifest.xml:7:5-9:41
MERGED from [:lib-common-core] AndroidManifest.xml:7:5-9:41
MERGED from [:lib-common-core] AndroidManifest.xml:7:5-9:41
MERGED from [:lib-voice] AndroidManifest.xml:7:5-9:41
MERGED from [:lib-voice] AndroidManifest.xml:7:5-9:41
MERGED from [:lib-widget] AndroidManifest.xml:7:5-9:41
MERGED from [:lib-widget] AndroidManifest.xml:7:5-9:41
MERGED from [com.billy.android:cc:2.1.1] AndroidManifest.xml:7:5-9:41
MERGED from [com.billy.android:cc:2.1.1] AndroidManifest.xml:7:5-9:41
MERGED from [com.android.databinding:adapters:3.1.4] AndroidManifest.xml:22:5-44
MERGED from [com.android.databinding:adapters:3.1.4] AndroidManifest.xml:22:5-44
MERGED from [com.android.databinding:library:3.1.4] AndroidManifest.xml:22:5-44
MERGED from [com.android.databinding:library:3.1.4] AndroidManifest.xml:22:5-44
MERGED from [com.squareup.leakcanary:leakcanary-android:1.5.4] AndroidManifest.xml:20:5-44
MERGED from [com.squareup.leakcanary:leakcanary-android:1.5.4] AndroidManifest.xml:20:5-44
MERGED from [com.github.markzhai:blockcanary-android:1.5.0] AndroidManifest.xml:7:5-9:41
MERGED from [com.github.markzhai:blockcanary-android:1.5.0] AndroidManifest.xml:7:5-9:41
MERGED from [com.android.support:multidex:1.0.2] AndroidManifest.xml:20:5-43
MERGED from [com.android.support:multidex:1.0.2] AndroidManifest.xml:20:5-43
MERGED from [android.arch.lifecycle:extensions:1.1.1] AndroidManifest.xml:20:5-44
MERGED from [android.arch.lifecycle:extensions:1.1.1] AndroidManifest.xml:20:5-44
MERGED from [:lib-printer-8003dd] AndroidManifest.xml:7:5-9:41
MERGED from [:lib-printer-8003dd] AndroidManifest.xml:7:5-9:41
MERGED from [com.uber.autodispose:autodispose-android-archcomponents:1.0.0-RC1] AndroidManifest.xml:20:5-22:41
MERGED from [com.uber.autodispose:autodispose-android-archcomponents:1.0.0-RC1] AndroidManifest.xml:20:5-22:41
MERGED from [com.android.support:design:27.1.1] AndroidManifest.xml:20:5-44
MERGED from [com.android.support:design:27.1.1] AndroidManifest.xml:20:5-44
MERGED from [com.android.support:appcompat-v7:27.1.1] AndroidManifest.xml:20:5-44
MERGED from [com.android.support:appcompat-v7:27.1.1] AndroidManifest.xml:20:5-44
MERGED from [com.android.support:animated-vector-drawable:27.1.1] AndroidManifest.xml:20:5-44
MERGED from [com.android.support:animated-vector-drawable:27.1.1] AndroidManifest.xml:20:5-44
MERGED from [com.android.support:support-vector-drawable:27.1.1] AndroidManifest.xml:20:5-44
MERGED from [com.android.support:support-vector-drawable:27.1.1] AndroidManifest.xml:20:5-44
MERGED from [com.github.bumptech.glide:glide:4.6.1] AndroidManifest.xml:7:5-9:41
MERGED from [com.github.bumptech.glide:glide:4.6.1] AndroidManifest.xml:7:5-9:41
MERGED from [com.github.barteksc:android-pdf-viewer:3.1.0-beta.1] AndroidManifest.xml:7:5-9:41
MERGED from [com.github.barteksc:android-pdf-viewer:3.1.0-beta.1] AndroidManifest.xml:7:5-9:41
MERGED from [com.github.barteksc:pdfium-android:1.9.0] AndroidManifest.xml:7:5-9:41
MERGED from [com.github.barteksc:pdfium-android:1.9.0] AndroidManifest.xml:7:5-9:41
MERGED from [com.android.support:support-v4:27.1.1] AndroidManifest.xml:20:5-44
MERGED from [com.android.support:support-v4:27.1.1] AndroidManifest.xml:20:5-44
MERGED from [com.android.support:support-fragment:27.1.1] AndroidManifest.xml:20:5-44
MERGED from [com.android.support:support-fragment:27.1.1] AndroidManifest.xml:20:5-44
MERGED from [github.hellocsl:GalleryLayoutManager:1.0.6] AndroidManifest.xml:7:5-9:41
MERGED from [github.hellocsl:GalleryLayoutManager:1.0.6] AndroidManifest.xml:7:5-9:41
MERGED from [com.android.support:recyclerview-v7:27.1.1] AndroidManifest.xml:20:5-44
MERGED from [com.android.support:recyclerview-v7:27.1.1] AndroidManifest.xml:20:5-44
MERGED from [com.android.support:support-core-ui:27.1.1] AndroidManifest.xml:20:5-44
MERGED from [com.android.support:support-core-ui:27.1.1] AndroidManifest.xml:20:5-44
MERGED from [com.android.support:transition:27.1.1] AndroidManifest.xml:20:5-44
MERGED from [com.android.support:transition:27.1.1] AndroidManifest.xml:20:5-44
MERGED from [android.arch.persistence.room:rxjava2:1.1.1] AndroidManifest.xml:20:5-44
MERGED from [android.arch.persistence.room:rxjava2:1.1.1] AndroidManifest.xml:20:5-44
MERGED from [android.arch.persistence.room:runtime:1.1.1] AndroidManifest.xml:20:5-44
MERGED from [android.arch.persistence.room:runtime:1.1.1] AndroidManifest.xml:20:5-44
MERGED from [com.android.support:support-core-utils:27.1.1] AndroidManifest.xml:20:5-44
MERGED from [com.android.support:support-core-utils:27.1.1] AndroidManifest.xml:20:5-44
MERGED from [com.android.support:support-media-compat:27.1.1] AndroidManifest.xml:20:5-44
MERGED from [com.android.support:support-media-compat:27.1.1] AndroidManifest.xml:20:5-44
MERGED from [com.android.support:support-compat:27.1.1] AndroidManifest.xml:20:5-44
MERGED from [com.android.support:support-compat:27.1.1] AndroidManifest.xml:20:5-44
MERGED from [android.arch.lifecycle:runtime:1.1.1] AndroidManifest.xml:20:5-44
MERGED from [android.arch.lifecycle:runtime:1.1.1] AndroidManifest.xml:20:5-44
MERGED from [com.android.support.constraint:constraint-layout:1.1.3] AndroidManifest.xml:5:5-7:41
MERGED from [com.android.support.constraint:constraint-layout:1.1.3] AndroidManifest.xml:5:5-7:41
MERGED from [com.android.support:cardview-v7:27.1.1] AndroidManifest.xml:20:5-44
MERGED from [com.android.support:cardview-v7:27.1.1] AndroidManifest.xml:20:5-44
MERGED from [com.github.CymChad:BaseRecyclerViewAdapterHelper:2.9.30] AndroidManifest.xml:7:5-9:41
MERGED from [com.github.CymChad:BaseRecyclerViewAdapterHelper:2.9.30] AndroidManifest.xml:7:5-9:41
MERGED from [cn.aigestudio.wheelpicker:WheelPicker:1.1.2] AndroidManifest.xml:8:5-10:41
MERGED from [cn.aigestudio.wheelpicker:WheelPicker:1.1.2] AndroidManifest.xml:8:5-10:41
MERGED from [com.contrarywind:Android-PickerView:4.1.6] AndroidManifest.xml:7:5-9:41
MERGED from [com.contrarywind:Android-PickerView:4.1.6] AndroidManifest.xml:7:5-9:41
MERGED from [com.facebook.stetho:stetho-okhttp3:1.5.0] AndroidManifest.xml:7:5-9:41
MERGED from [com.facebook.stetho:stetho-okhttp3:1.5.0] AndroidManifest.xml:7:5-9:41
MERGED from [com.uber.autodispose:autodispose-android:1.0.0-RC1] AndroidManifest.xml:20:5-22:41
MERGED from [com.uber.autodispose:autodispose-android:1.0.0-RC1] AndroidManifest.xml:20:5-22:41
MERGED from [io.reactivex.rxjava2:rxandroid:2.0.2] AndroidManifest.xml:19:5-43
MERGED from [io.reactivex.rxjava2:rxandroid:2.0.2] AndroidManifest.xml:19:5-43
MERGED from [com.polidea.rxandroidble2:rxandroidble:1.6.0] AndroidManifest.xml:7:5-9:41
MERGED from [com.polidea.rxandroidble2:rxandroidble:1.6.0] AndroidManifest.xml:7:5-9:41
MERGED from [me.jessyan:retrofit-url-manager:1.4.0] AndroidManifest.xml:7:5-9:41
MERGED from [me.jessyan:retrofit-url-manager:1.4.0] AndroidManifest.xml:7:5-9:41
MERGED from [com.tbruyelle.rxpermissions2:rxpermissions:0.9.5] AndroidManifest.xml:7:5-9:41
MERGED from [com.tbruyelle.rxpermissions2:rxpermissions:0.9.5] AndroidManifest.xml:7:5-9:41
MERGED from [org.litepal.android:core:1.6.0] AndroidManifest.xml:7:5-9:41
MERGED from [org.litepal.android:core:1.6.0] AndroidManifest.xml:7:5-9:41
MERGED from [com.jakewharton.timber:timber:4.7.0] AndroidManifest.xml:5:5-43
MERGED from [com.jakewharton.timber:timber:4.7.0] AndroidManifest.xml:5:5-43
MERGED from [in.srain.cube:ultra-ptr:1.0.11] AndroidManifest.xml:7:5-9:41
MERGED from [in.srain.cube:ultra-ptr:1.0.11] AndroidManifest.xml:7:5-9:41
MERGED from [com.facebook.stetho:stetho:1.5.0] AndroidManifest.xml:7:5-9:41
MERGED from [com.facebook.stetho:stetho:1.5.0] AndroidManifest.xml:7:5-9:41
MERGED from [com.tencent.bugly:crashreport:2.8.6.0] AndroidManifest.xml:5:5-7:41
MERGED from [com.tencent.bugly:crashreport:2.8.6.0] AndroidManifest.xml:5:5-7:41
MERGED from [com.tencent.bugly:nativecrashreport:3.6.0.1] AndroidManifest.xml:5:5-7:41
MERGED from [com.tencent.bugly:nativecrashreport:3.6.0.1] AndroidManifest.xml:5:5-7:41
MERGED from [com.billy.android:pools:0.0.5] AndroidManifest.xml:6:5-8:41
MERGED from [com.billy.android:pools:0.0.5] AndroidManifest.xml:6:5-8:41
MERGED from [com.squareup.leakcanary:leakcanary-analyzer:1.5.4] AndroidManifest.xml:21:5-44
MERGED from [com.squareup.leakcanary:leakcanary-analyzer:1.5.4] AndroidManifest.xml:21:5-44
MERGED from [com.github.markzhai:blockcanary-analyzer:1.5.0] AndroidManifest.xml:7:5-9:41
MERGED from [com.github.markzhai:blockcanary-analyzer:1.5.0] AndroidManifest.xml:7:5-9:41
MERGED from [com.github.mmin18:realtimeblurview:1.1.0] AndroidManifest.xml:7:5-9:41
MERGED from [com.github.mmin18:realtimeblurview:1.1.0] AndroidManifest.xml:7:5-9:41
MERGED from [android.arch.lifecycle:livedata:1.1.1] AndroidManifest.xml:20:5-44
MERGED from [android.arch.lifecycle:livedata:1.1.1] AndroidManifest.xml:20:5-44
MERGED from [android.arch.lifecycle:livedata-core:1.1.1] AndroidManifest.xml:20:5-44
MERGED from [android.arch.lifecycle:livedata-core:1.1.1] AndroidManifest.xml:20:5-44
MERGED from [android.arch.core:runtime:1.1.1] AndroidManifest.xml:20:5-44
MERGED from [android.arch.core:runtime:1.1.1] AndroidManifest.xml:20:5-44
MERGED from [android.arch.lifecycle:viewmodel:1.1.1] AndroidManifest.xml:20:5-44
MERGED from [android.arch.lifecycle:viewmodel:1.1.1] AndroidManifest.xml:20:5-44
MERGED from [com.github.bumptech.glide:gifdecoder:4.6.1] AndroidManifest.xml:5:5-7:41
MERGED from [com.github.bumptech.glide:gifdecoder:4.6.1] AndroidManifest.xml:5:5-7:41
MERGED from [android.arch.persistence:db-framework:1.1.1] AndroidManifest.xml:20:5-44
MERGED from [android.arch.persistence:db-framework:1.1.1] AndroidManifest.xml:20:5-44
MERGED from [android.arch.persistence:db:1.1.1] AndroidManifest.xml:20:5-44
MERGED from [android.arch.persistence:db:1.1.1] AndroidManifest.xml:20:5-44
MERGED from [com.contrarywind:wheelview:4.0.8] AndroidManifest.xml:7:5-9:41
MERGED from [com.contrarywind:wheelview:4.0.8] AndroidManifest.xml:7:5-9:41
MERGED from [com.inuker.bluetooth:library:1.4.0] AndroidManifest.xml:7:5-9:41
MERGED from [com.inuker.bluetooth:library:1.4.0] AndroidManifest.xml:7:5-9:41
MERGED from [:vivachek-ble-sdk-1.0.0:] AndroidManifest.xml:7:5-9:41
MERGED from [:vivachek-ble-sdk-1.0.0:] AndroidManifest.xml:7:5-9:41
MERGED from [:vtble-v2.1.0:] AndroidManifest.xml:7:5-9:41
MERGED from [:vtble-v2.1.0:] AndroidManifest.xml:7:5-9:41
INJECTED from src\main\AndroidManifest.xml
INJECTED from src\main\AndroidManifest.xml
	android:targetSdkVersion
		INJECTED from src\main\AndroidManifest.xml
		ADDED from src\main\AndroidManifest.xml
		INJECTED from src\main\AndroidManifest.xml
	android:minSdkVersion
		INJECTED from src\main\AndroidManifest.xml
		ADDED from src\main\AndroidManifest.xml
		INJECTED from src\main\AndroidManifest.xml
service#com.sinocare.bluetoothle.SN_BluetoothLeService
ADDED from [:lib-bluetooth] AndroidManifest.xml:27:9-36:19
	android:enabled
		ADDED from [:lib-bluetooth] AndroidManifest.xml:29:13-35
	android:name
		ADDED from [:lib-bluetooth] AndroidManifest.xml:28:13-74
meta-data#AccessKey
ADDED from [:lib-bluetooth] AndroidManifest.xml:30:13-32:70
	android:value
		ADDED from [:lib-bluetooth] AndroidManifest.xml:32:17-67
	android:name
		ADDED from [:lib-bluetooth] AndroidManifest.xml:31:17-41
meta-data#SecretKey